0 info it worked if it ends with ok
1 verbose cli [ '/usr/bin/nodejs', '/usr/bin/npm', 'install', '-g', 'jasmine' ]
2 info using npm@3.5.2
3 info using node@v4.2.6
4 silly loadCurrentTree Starting
5 silly install loadCurrentTree
6 silly install readGlobalPackageData
7 silly fetchPackageMetaData jasmine
8 silly fetchNamedPackageData jasmine
9 silly mapToRegistry name jasmine
10 silly mapToRegistry using default registry
11 silly mapToRegistry registry https://registry.npmjs.org/
12 silly mapToRegistry uri https://registry.npmjs.org/jasmine
13 verbose request uri https://registry.npmjs.org/jasmine
14 verbose request no auth needed
15 info attempt registry request try #1 at 1:46:06 PM
16 verbose request id 25c5bb88c42ddba5
17 verbose etag "33V9TMWYU2Q1Y14WUYEC96XVC"
18 http request GET https://registry.npmjs.org/jasmine
19 http 304 https://registry.npmjs.org/jasmine
20 verbose headers { date: 'Thu, 19 May 2016 05:46:08 GMT',
20 verbose headers   via: '1.1 varnish',
20 verbose headers   'cache-control': 'max-age=300',
20 verbose headers   etag: '"33V9TMWYU2Q1Y14WUYEC96XVC"',
20 verbose headers   age: '154',
20 verbose headers   connection: 'keep-alive',
20 verbose headers   'x-served-by': 'cache-nrt6131-NRT',
20 verbose headers   'x-cache': 'HIT',
20 verbose headers   'x-cache-hits': '2',
20 verbose headers   'x-timer': 'S1463636768.166091,VS0,VE0',
20 verbose headers   vary: 'Accept-Encoding' }
21 silly get cb [ 304,
21 silly get   { date: 'Thu, 19 May 2016 05:46:08 GMT',
21 silly get     via: '1.1 varnish',
21 silly get     'cache-control': 'max-age=300',
21 silly get     etag: '"33V9TMWYU2Q1Y14WUYEC96XVC"',
21 silly get     age: '154',
21 silly get     connection: 'keep-alive',
21 silly get     'x-served-by': 'cache-nrt6131-NRT',
21 silly get     'x-cache': 'HIT',
21 silly get     'x-cache-hits': '2',
21 silly get     'x-timer': 'S1463636768.166091,VS0,VE0',
21 silly get     vary: 'Accept-Encoding' } ]
22 verbose etag https://registry.npmjs.org/jasmine from cache
23 verbose get saving jasmine to /home/stark/.npm/registry.npmjs.org/jasmine/.cache.json
24 silly install normalizeTree
25 silly loadCurrentTree Finishing
26 silly loadIdealTree Starting
27 silly install loadIdealTree
28 silly cloneCurrentTree Starting
29 silly install cloneCurrentTreeToIdealTree
30 silly cloneCurrentTree Finishing
31 silly loadShrinkwrap Starting
32 silly install loadShrinkwrap
33 silly loadShrinkwrap Finishing
34 silly loadAllDepsIntoIdealTree Starting
35 silly install loadAllDepsIntoIdealTree
36 silly resolveWithNewModule jasmine@2.4.1 checking installable status
37 silly cache add args [ 'jasmine', null ]
38 verbose cache add spec jasmine
39 silly cache add parsed spec Result {
39 silly cache add   raw: 'jasmine',
39 silly cache add   scope: null,
39 silly cache add   name: 'jasmine',
39 silly cache add   rawSpec: '',
39 silly cache add   spec: 'latest',
39 silly cache add   type: 'tag' }
40 silly addNamed jasmine@latest
41 verbose addNamed "latest" is being treated as a dist-tag for jasmine
42 info addNameTag [ 'jasmine', 'latest' ]
43 silly mapToRegistry name jasmine
44 silly mapToRegistry using default registry
45 silly mapToRegistry registry https://registry.npmjs.org/
46 silly mapToRegistry uri https://registry.npmjs.org/jasmine
47 verbose addNameTag registry:https://registry.npmjs.org/jasmine not in flight; fetching
48 verbose get https://registry.npmjs.org/jasmine not expired, no request
49 silly addNameTag next cb for jasmine with tag latest
50 silly addNamed jasmine@2.4.1
51 verbose addNamed "2.4.1" is a plain semver version for jasmine
52 silly cache afterAdd jasmine@2.4.1
53 verbose afterAdd /home/stark/.npm/jasmine/2.4.1/package/package.json not in flight; writing
54 verbose afterAdd /home/stark/.npm/jasmine/2.4.1/package/package.json written
55 silly fetchNamedPackageData exit
56 silly mapToRegistry name exit
57 silly mapToRegistry using default registry
58 silly mapToRegistry registry https://registry.npmjs.org/
59 silly mapToRegistry uri https://registry.npmjs.org/exit
60 silly fetchNamedPackageData glob
61 silly mapToRegistry name glob
62 silly mapToRegistry using default registry
63 silly mapToRegistry registry https://registry.npmjs.org/
64 silly mapToRegistry uri https://registry.npmjs.org/glob
65 silly fetchNamedPackageData jasmine-core
66 silly mapToRegistry name jasmine-core
67 silly mapToRegistry using default registry
68 silly mapToRegistry registry https://registry.npmjs.org/
69 silly mapToRegistry uri https://registry.npmjs.org/jasmine-core
70 verbose request uri https://registry.npmjs.org/exit
71 verbose request no auth needed
72 info attempt registry request try #1 at 1:46:08 PM
73 verbose etag "94D13Q25O7934NXQ428VW4384"
74 http request GET https://registry.npmjs.org/exit
75 verbose request uri https://registry.npmjs.org/jasmine-core
76 verbose request no auth needed
77 info attempt registry request try #1 at 1:46:08 PM
78 verbose etag "ESXWEUQNP8XJKCE068XZIO4Q"
79 http request GET https://registry.npmjs.org/jasmine-core
80 verbose request uri https://registry.npmjs.org/glob
81 verbose request no auth needed
82 info attempt registry request try #1 at 1:46:08 PM
83 verbose etag "4IFBSDQHBP504AFVZ1IKWCHXO"
84 http request GET https://registry.npmjs.org/glob
85 http 304 https://registry.npmjs.org/exit
86 verbose headers { date: 'Thu, 19 May 2016 05:46:09 GMT',
86 verbose headers   via: '1.1 varnish',
86 verbose headers   'cache-control': 'max-age=300',
86 verbose headers   etag: '"94D13Q25O7934NXQ428VW4384"',
86 verbose headers   age: '101',
86 verbose headers   connection: 'keep-alive',
86 verbose headers   'x-served-by': 'cache-nrt6129-NRT',
86 verbose headers   'x-cache': 'HIT',
86 verbose headers   'x-cache-hits': '3',
86 verbose headers   'x-timer': 'S1463636769.384725,VS0,VE0',
86 verbose headers   vary: 'Accept-Encoding' }
87 silly get cb [ 304,
87 silly get   { date: 'Thu, 19 May 2016 05:46:09 GMT',
87 silly get     via: '1.1 varnish',
87 silly get     'cache-control': 'max-age=300',
87 silly get     etag: '"94D13Q25O7934NXQ428VW4384"',
87 silly get     age: '101',
87 silly get     connection: 'keep-alive',
87 silly get     'x-served-by': 'cache-nrt6129-NRT',
87 silly get     'x-cache': 'HIT',
87 silly get     'x-cache-hits': '3',
87 silly get     'x-timer': 'S1463636769.384725,VS0,VE0',
87 silly get     vary: 'Accept-Encoding' } ]
88 verbose etag https://registry.npmjs.org/exit from cache
89 verbose get saving exit to /home/stark/.npm/registry.npmjs.org/exit/.cache.json
90 silly resolveWithNewModule exit@0.1.2 checking installable status
91 silly cache add args [ 'exit@^0.1.2', null ]
92 verbose cache add spec exit@^0.1.2
93 silly cache add parsed spec Result {
93 silly cache add   raw: 'exit@^0.1.2',
93 silly cache add   scope: null,
93 silly cache add   name: 'exit',
93 silly cache add   rawSpec: '^0.1.2',
93 silly cache add   spec: '>=0.1.2 <0.2.0',
93 silly cache add   type: 'range' }
94 silly addNamed exit@>=0.1.2 <0.2.0
95 verbose addNamed ">=0.1.2 <0.2.0" is a valid semver range for exit
96 silly addNameRange { name: 'exit', range: '>=0.1.2 <0.2.0', hasData: false }
97 silly mapToRegistry name exit
98 silly mapToRegistry using default registry
99 silly mapToRegistry registry https://registry.npmjs.org/
100 silly mapToRegistry uri https://registry.npmjs.org/exit
101 verbose addNameRange registry:https://registry.npmjs.org/exit not in flight; fetching
102 http 304 https://registry.npmjs.org/jasmine-core
103 verbose headers { date: 'Thu, 19 May 2016 05:46:09 GMT',
103 verbose headers   via: '1.1 varnish',
103 verbose headers   'cache-control': 'max-age=300',
103 verbose headers   etag: '"ESXWEUQNP8XJKCE068XZIO4Q"',
103 verbose headers   age: '281',
103 verbose headers   connection: 'keep-alive',
103 verbose headers   'x-served-by': 'cache-nrt6120-NRT',
103 verbose headers   'x-cache': 'HIT',
103 verbose headers   'x-cache-hits': '2',
103 verbose headers   'x-timer': 'S1463636769.404610,VS0,VE0',
103 verbose headers   vary: 'Accept-Encoding' }
104 silly get cb [ 304,
104 silly get   { date: 'Thu, 19 May 2016 05:46:09 GMT',
104 silly get     via: '1.1 varnish',
104 silly get     'cache-control': 'max-age=300',
104 silly get     etag: '"ESXWEUQNP8XJKCE068XZIO4Q"',
104 silly get     age: '281',
104 silly get     connection: 'keep-alive',
104 silly get     'x-served-by': 'cache-nrt6120-NRT',
104 silly get     'x-cache': 'HIT',
104 silly get     'x-cache-hits': '2',
104 silly get     'x-timer': 'S1463636769.404610,VS0,VE0',
104 silly get     vary: 'Accept-Encoding' } ]
105 verbose etag https://registry.npmjs.org/jasmine-core from cache
106 verbose get saving jasmine-core to /home/stark/.npm/registry.npmjs.org/jasmine-core/.cache.json
107 http 304 https://registry.npmjs.org/glob
108 verbose headers { date: 'Thu, 19 May 2016 05:46:09 GMT',
108 verbose headers   via: '1.1 varnish',
108 verbose headers   'cache-control': 'max-age=300',
108 verbose headers   etag: '"4IFBSDQHBP504AFVZ1IKWCHXO"',
108 verbose headers   age: '200',
108 verbose headers   connection: 'keep-alive',
108 verbose headers   'x-served-by': 'cache-nrt6132-NRT',
108 verbose headers   'x-cache': 'HIT',
108 verbose headers   'x-cache-hits': '12',
108 verbose headers   'x-timer': 'S1463636769.411853,VS0,VE0',
108 verbose headers   vary: 'Accept-Encoding' }
109 silly get cb [ 304,
109 silly get   { date: 'Thu, 19 May 2016 05:46:09 GMT',
109 silly get     via: '1.1 varnish',
109 silly get     'cache-control': 'max-age=300',
109 silly get     etag: '"4IFBSDQHBP504AFVZ1IKWCHXO"',
109 silly get     age: '200',
109 silly get     connection: 'keep-alive',
109 silly get     'x-served-by': 'cache-nrt6132-NRT',
109 silly get     'x-cache': 'HIT',
109 silly get     'x-cache-hits': '12',
109 silly get     'x-timer': 'S1463636769.411853,VS0,VE0',
109 silly get     vary: 'Accept-Encoding' } ]
110 verbose etag https://registry.npmjs.org/glob from cache
111 verbose get saving glob to /home/stark/.npm/registry.npmjs.org/glob/.cache.json
112 verbose get https://registry.npmjs.org/exit not expired, no request
113 silly addNameRange number 2 { name: 'exit', range: '>=0.1.2 <0.2.0', hasData: true }
114 silly addNameRange versions [ 'exit', [ '0.1.0', '0.1.1', '0.1.2' ] ]
115 silly addNamed exit@0.1.2
116 verbose addNamed "0.1.2" is a plain semver version for exit
117 silly resolveWithNewModule jasmine-core@2.4.1 checking installable status
118 silly cache add args [ 'jasmine-core@~2.4.0', null ]
119 verbose cache add spec jasmine-core@~2.4.0
120 silly cache add parsed spec Result {
120 silly cache add   raw: 'jasmine-core@~2.4.0',
120 silly cache add   scope: null,
120 silly cache add   name: 'jasmine-core',
120 silly cache add   rawSpec: '~2.4.0',
120 silly cache add   spec: '>=2.4.0 <2.5.0',
120 silly cache add   type: 'range' }
121 silly addNamed jasmine-core@>=2.4.0 <2.5.0
122 verbose addNamed ">=2.4.0 <2.5.0" is a valid semver range for jasmine-core
123 silly addNameRange { name: 'jasmine-core', range: '>=2.4.0 <2.5.0', hasData: false }
124 silly mapToRegistry name jasmine-core
125 silly mapToRegistry using default registry
126 silly mapToRegistry registry https://registry.npmjs.org/
127 silly mapToRegistry uri https://registry.npmjs.org/jasmine-core
128 verbose addNameRange registry:https://registry.npmjs.org/jasmine-core not in flight; fetching
129 silly resolveWithNewModule glob@3.2.11 checking installable status
130 silly cache add args [ 'glob@^3.2.11', null ]
131 verbose cache add spec glob@^3.2.11
132 silly cache add parsed spec Result {
132 silly cache add   raw: 'glob@^3.2.11',
132 silly cache add   scope: null,
132 silly cache add   name: 'glob',
132 silly cache add   rawSpec: '^3.2.11',
132 silly cache add   spec: '>=3.2.11 <4.0.0',
132 silly cache add   type: 'range' }
133 silly addNamed glob@>=3.2.11 <4.0.0
134 verbose addNamed ">=3.2.11 <4.0.0" is a valid semver range for glob
135 silly addNameRange { name: 'glob', range: '>=3.2.11 <4.0.0', hasData: false }
136 silly mapToRegistry name glob
137 silly mapToRegistry using default registry
138 silly mapToRegistry registry https://registry.npmjs.org/
139 silly mapToRegistry uri https://registry.npmjs.org/glob
140 verbose addNameRange registry:https://registry.npmjs.org/glob not in flight; fetching
141 silly cache afterAdd exit@0.1.2
142 verbose afterAdd /home/stark/.npm/exit/0.1.2/package/package.json not in flight; writing
143 verbose get https://registry.npmjs.org/jasmine-core not expired, no request
144 silly addNameRange number 2 { name: 'jasmine-core', range: '>=2.4.0 <2.5.0', hasData: true }
145 silly addNameRange versions [ 'jasmine-core',
145 silly addNameRange   [ '2.0.0',
145 silly addNameRange     '2.0.1',
145 silly addNameRange     '2.0.4',
145 silly addNameRange     '2.1.0',
145 silly addNameRange     '2.1.1',
145 silly addNameRange     '2.1.2',
145 silly addNameRange     '2.1.3',
145 silly addNameRange     '2.2.0',
145 silly addNameRange     '2.3.0',
145 silly addNameRange     '2.3.2',
145 silly addNameRange     '2.3.3',
145 silly addNameRange     '2.3.4',
145 silly addNameRange     '2.4.0',
145 silly addNameRange     '2.4.1' ] ]
146 silly addNamed jasmine-core@2.4.1
147 verbose addNamed "2.4.1" is a plain semver version for jasmine-core
148 verbose get https://registry.npmjs.org/glob not expired, no request
149 silly addNameRange number 2 { name: 'glob', range: '>=3.2.11 <4.0.0', hasData: true }
150 silly addNameRange versions [ 'glob',
150 silly addNameRange   [ '1.1.0',
150 silly addNameRange     '2.0.9',
150 silly addNameRange     '2.0.8',
150 silly addNameRange     '2.0.7',
150 silly addNameRange     '2.1.0',
150 silly addNameRange     '3.0.0',
150 silly addNameRange     '3.0.1',
150 silly addNameRange     '3.1.0',
150 silly addNameRange     '3.1.1',
150 silly addNameRange     '3.1.2',
150 silly addNameRange     '3.1.3',
150 silly addNameRange     '3.1.4',
150 silly addNameRange     '3.1.5',
150 silly addNameRange     '3.1.6',
150 silly addNameRange     '3.1.7',
150 silly addNameRange     '3.1.9',
150 silly addNameRange     '3.1.10',
150 silly addNameRange     '3.1.11',
150 silly addNameRange     '3.1.12',
150 silly addNameRange     '3.1.13',
150 silly addNameRange     '3.1.14',
150 silly addNameRange     '3.1.15',
150 silly addNameRange     '3.1.16',
150 silly addNameRange     '3.1.17',
150 silly addNameRange     '3.1.18',
150 silly addNameRange     '3.1.19',
150 silly addNameRange     '3.1.20',
150 silly addNameRange     '3.1.21',
150 silly addNameRange     '3.2.0',
150 silly addNameRange     '3.2.1',
150 silly addNameRange     '3.2.3',
150 silly addNameRange     '3.2.4',
150 silly addNameRange     '3.2.5',
150 silly addNameRange     '3.2.6',
150 silly addNameRange     '3.2.7',
150 silly addNameRange     '3.2.8',
150 silly addNameRange     '3.2.9',
150 silly addNameRange     '3.2.10',
150 silly addNameRange     '3.2.11',
150 silly addNameRange     '4.0.0',
150 silly addNameRange     '4.0.1',
150 silly addNameRange     '4.0.2',
150 silly addNameRange     '4.0.3',
150 silly addNameRange     '4.0.4',
150 silly addNameRange     '4.0.5',
150 silly addNameRange     '4.0.6',
150 silly addNameRange     '4.1.2-beta',
150 silly addNameRange     '4.1.2',
150 silly addNameRange     '4.1.3',
150 silly addNameRange     '4.1.4',
150 silly addNameRange     '4.1.5',
150 silly addNameRange     '4.1.6',
150 silly addNameRange     '4.2.0',
150 silly addNameRange     '4.2.1',
150 silly addNameRange     '4.2.2',
150 silly addNameRange     '4.3.0',
150 silly addNameRange     '4.3.1',
150 silly addNameRange     '4.3.2',
150 silly addNameRange     '4.3.3',
150 silly addNameRange     '4.3.4',
150 silly addNameRange     '4.3.5',
150 silly addNameRange     '4.4.0',
150 silly addNameRange     '4.4.2',
150 silly addNameRange     '4.5.0',
150 silly addNameRange     '5.0.0',
150 silly addNameRange     '4.5.1',
150 silly addNameRange     '5.0.1',
150 silly addNameRange     '4.5.2',
150 silly addNameRange     '5.0.2',
150 silly addNameRange     '4.5.3',
150 silly addNameRange     '5.0.3',
150 silly addNameRange     '5.0.4',
150 silly addNameRange     '5.0.5',
150 silly addNameRange     '5.0.6',
150 silly addNameRange     '5.0.7',
150 silly addNameRange     '5.0.9',
150 silly addNameRange     '5.0.10',
150 silly addNameRange     '5.0.11',
150 silly addNameRange     '5.0.12',
150 silly addNameRange     '5.0.13',
150 silly addNameRange     '5.0.14',
150 silly addNameRange     '5.0.15',
150 silly addNameRange     '6.0.1',
150 silly addNameRange     '6.0.2',
150 silly addNameRange     '6.0.3',
150 silly addNameRange     '6.0.4',
150 silly addNameRange     '7.0.0',
150 silly addNameRange     '7.0.1',
150 silly addNameRange     '7.0.3' ] ]
151 silly addNamed glob@3.2.11
152 verbose addNamed "3.2.11" is a plain semver version for glob
153 verbose afterAdd /home/stark/.npm/exit/0.1.2/package/package.json written
154 silly cache afterAdd glob@3.2.11
155 verbose afterAdd /home/stark/.npm/glob/3.2.11/package/package.json not in flight; writing
156 silly cache afterAdd jasmine-core@2.4.1
157 verbose afterAdd /home/stark/.npm/jasmine-core/2.4.1/package/package.json not in flight; writing
158 verbose afterAdd /home/stark/.npm/glob/3.2.11/package/package.json written
159 verbose afterAdd /home/stark/.npm/jasmine-core/2.4.1/package/package.json written
160 silly fetchNamedPackageData inherits
161 silly mapToRegistry name inherits
162 silly mapToRegistry using default registry
163 silly mapToRegistry registry https://registry.npmjs.org/
164 silly mapToRegistry uri https://registry.npmjs.org/inherits
165 silly fetchNamedPackageData minimatch
166 silly mapToRegistry name minimatch
167 silly mapToRegistry using default registry
168 silly mapToRegistry registry https://registry.npmjs.org/
169 silly mapToRegistry uri https://registry.npmjs.org/minimatch
170 verbose request uri https://registry.npmjs.org/inherits
171 verbose request no auth needed
172 info attempt registry request try #1 at 1:46:09 PM
173 verbose etag "9C23BNETE30UZVYRVML0QUTBX"
174 http request GET https://registry.npmjs.org/inherits
175 verbose request uri https://registry.npmjs.org/minimatch
176 verbose request no auth needed
177 info attempt registry request try #1 at 1:46:09 PM
178 verbose etag "78KV3LAIGK70DO4BT3WW2Q5DO"
179 http request GET https://registry.npmjs.org/minimatch
180 http 304 https://registry.npmjs.org/minimatch
181 verbose headers { date: 'Thu, 19 May 2016 05:46:10 GMT',
181 verbose headers   via: '1.1 varnish',
181 verbose headers   'cache-control': 'max-age=300',
181 verbose headers   etag: '"78KV3LAIGK70DO4BT3WW2Q5DO"',
181 verbose headers   age: '28',
181 verbose headers   connection: 'keep-alive',
181 verbose headers   'x-served-by': 'cache-nrt6122-NRT',
181 verbose headers   'x-cache': 'HIT',
181 verbose headers   'x-cache-hits': '3',
181 verbose headers   'x-timer': 'S1463636770.427236,VS0,VE0',
181 verbose headers   vary: 'Accept-Encoding' }
182 silly get cb [ 304,
182 silly get   { date: 'Thu, 19 May 2016 05:46:10 GMT',
182 silly get     via: '1.1 varnish',
182 silly get     'cache-control': 'max-age=300',
182 silly get     etag: '"78KV3LAIGK70DO4BT3WW2Q5DO"',
182 silly get     age: '28',
182 silly get     connection: 'keep-alive',
182 silly get     'x-served-by': 'cache-nrt6122-NRT',
182 silly get     'x-cache': 'HIT',
182 silly get     'x-cache-hits': '3',
182 silly get     'x-timer': 'S1463636770.427236,VS0,VE0',
182 silly get     vary: 'Accept-Encoding' } ]
183 verbose etag https://registry.npmjs.org/minimatch from cache
184 verbose get saving minimatch to /home/stark/.npm/registry.npmjs.org/minimatch/.cache.json
185 http 304 https://registry.npmjs.org/inherits
186 verbose headers { date: 'Thu, 19 May 2016 05:46:10 GMT',
186 verbose headers   via: '1.1 varnish',
186 verbose headers   'cache-control': 'max-age=300',
186 verbose headers   etag: '"9C23BNETE30UZVYRVML0QUTBX"',
186 verbose headers   age: '180',
186 verbose headers   connection: 'keep-alive',
186 verbose headers   'x-served-by': 'cache-nrt6132-NRT',
186 verbose headers   'x-cache': 'HIT',
186 verbose headers   'x-cache-hits': '19',
186 verbose headers   'x-timer': 'S1463636770.436121,VS0,VE0',
186 verbose headers   vary: 'Accept-Encoding' }
187 silly get cb [ 304,
187 silly get   { date: 'Thu, 19 May 2016 05:46:10 GMT',
187 silly get     via: '1.1 varnish',
187 silly get     'cache-control': 'max-age=300',
187 silly get     etag: '"9C23BNETE30UZVYRVML0QUTBX"',
187 silly get     age: '180',
187 silly get     connection: 'keep-alive',
187 silly get     'x-served-by': 'cache-nrt6132-NRT',
187 silly get     'x-cache': 'HIT',
187 silly get     'x-cache-hits': '19',
187 silly get     'x-timer': 'S1463636770.436121,VS0,VE0',
187 silly get     vary: 'Accept-Encoding' } ]
188 verbose etag https://registry.npmjs.org/inherits from cache
189 verbose get saving inherits to /home/stark/.npm/registry.npmjs.org/inherits/.cache.json
190 silly resolveWithNewModule inherits@2.0.1 checking installable status
191 silly cache add args [ 'inherits@2', null ]
192 verbose cache add spec inherits@2
193 silly cache add parsed spec Result {
193 silly cache add   raw: 'inherits@2',
193 silly cache add   scope: null,
193 silly cache add   name: 'inherits',
193 silly cache add   rawSpec: '2',
193 silly cache add   spec: '>=2.0.0 <3.0.0',
193 silly cache add   type: 'range' }
194 silly addNamed inherits@>=2.0.0 <3.0.0
195 verbose addNamed ">=2.0.0 <3.0.0" is a valid semver range for inherits
196 silly addNameRange { name: 'inherits', range: '>=2.0.0 <3.0.0', hasData: false }
197 silly mapToRegistry name inherits
198 silly mapToRegistry using default registry
199 silly mapToRegistry registry https://registry.npmjs.org/
200 silly mapToRegistry uri https://registry.npmjs.org/inherits
201 verbose addNameRange registry:https://registry.npmjs.org/inherits not in flight; fetching
202 silly resolveWithNewModule minimatch@0.3.0 checking installable status
203 silly cache add args [ 'minimatch@0.3', null ]
204 verbose cache add spec minimatch@0.3
205 silly cache add parsed spec Result {
205 silly cache add   raw: 'minimatch@0.3',
205 silly cache add   scope: null,
205 silly cache add   name: 'minimatch',
205 silly cache add   rawSpec: '0.3',
205 silly cache add   spec: '>=0.3.0 <0.4.0',
205 silly cache add   type: 'range' }
206 silly addNamed minimatch@>=0.3.0 <0.4.0
207 verbose addNamed ">=0.3.0 <0.4.0" is a valid semver range for minimatch
208 silly addNameRange { name: 'minimatch', range: '>=0.3.0 <0.4.0', hasData: false }
209 silly mapToRegistry name minimatch
210 silly mapToRegistry using default registry
211 silly mapToRegistry registry https://registry.npmjs.org/
212 silly mapToRegistry uri https://registry.npmjs.org/minimatch
213 verbose addNameRange registry:https://registry.npmjs.org/minimatch not in flight; fetching
214 verbose get https://registry.npmjs.org/inherits not expired, no request
215 silly addNameRange number 2 { name: 'inherits', range: '>=2.0.0 <3.0.0', hasData: true }
216 silly addNameRange versions [ 'inherits', [ '1.0.0', '2.0.0', '2.0.1', '1.0.1', '1.0.2' ] ]
217 silly addNamed inherits@2.0.1
218 verbose addNamed "2.0.1" is a plain semver version for inherits
219 verbose get https://registry.npmjs.org/minimatch not expired, no request
220 silly addNameRange number 2 { name: 'minimatch', range: '>=0.3.0 <0.4.0', hasData: true }
221 silly addNameRange versions [ 'minimatch',
221 silly addNameRange   [ '0.0.1',
221 silly addNameRange     '0.0.2',
221 silly addNameRange     '0.0.4',
221 silly addNameRange     '0.0.5',
221 silly addNameRange     '0.1.1',
221 silly addNameRange     '0.1.2',
221 silly addNameRange     '0.1.3',
221 silly addNameRange     '0.1.4',
221 silly addNameRange     '0.1.5',
221 silly addNameRange     '0.2.0',
221 silly addNameRange     '0.2.2',
221 silly addNameRange     '0.2.3',
221 silly addNameRange     '0.2.4',
221 silly addNameRange     '0.2.5',
221 silly addNameRange     '0.2.6',
221 silly addNameRange     '0.2.7',
221 silly addNameRange     '0.2.8',
221 silly addNameRange     '0.2.9',
221 silly addNameRange     '0.2.10',
221 silly addNameRange     '0.2.11',
221 silly addNameRange     '0.2.12',
221 silly addNameRange     '0.2.13',
221 silly addNameRange     '0.2.14',
221 silly addNameRange     '0.3.0',
221 silly addNameRange     '0.4.0',
221 silly addNameRange     '1.0.0',
221 silly addNameRange     '2.0.0',
221 silly addNameRange     '2.0.1',
221 silly addNameRange     '2.0.2',
221 silly addNameRange     '2.0.3',
221 silly addNameRange     '2.0.4',
221 silly addNameRange     '2.0.5',
221 silly addNameRange     '2.0.6',
221 silly addNameRange     '2.0.7',
221 silly addNameRange     '2.0.8',
221 silly addNameRange     '2.0.9',
221 silly addNameRange     '2.0.10',
221 silly addNameRange     '3.0.0' ] ]
222 silly addNamed minimatch@0.3.0
223 verbose addNamed "0.3.0" is a plain semver version for minimatch
224 silly cache afterAdd inherits@2.0.1
225 verbose afterAdd /home/stark/.npm/inherits/2.0.1/package/package.json not in flight; writing
226 silly cache afterAdd minimatch@0.3.0
227 verbose afterAdd /home/stark/.npm/minimatch/0.3.0/package/package.json not in flight; writing
228 verbose afterAdd /home/stark/.npm/minimatch/0.3.0/package/package.json written
229 verbose afterAdd /home/stark/.npm/inherits/2.0.1/package/package.json written
230 silly fetchNamedPackageData lru-cache
231 silly mapToRegistry name lru-cache
232 silly mapToRegistry using default registry
233 silly mapToRegistry registry https://registry.npmjs.org/
234 silly mapToRegistry uri https://registry.npmjs.org/lru-cache
235 silly fetchNamedPackageData sigmund
236 silly mapToRegistry name sigmund
237 silly mapToRegistry using default registry
238 silly mapToRegistry registry https://registry.npmjs.org/
239 silly mapToRegistry uri https://registry.npmjs.org/sigmund
240 verbose request uri https://registry.npmjs.org/lru-cache
241 verbose request no auth needed
242 info attempt registry request try #1 at 1:46:10 PM
243 verbose etag "EL1H0BRLF5K1YKWEWD5SZTX15"
244 http request GET https://registry.npmjs.org/lru-cache
245 verbose request uri https://registry.npmjs.org/sigmund
246 verbose request no auth needed
247 info attempt registry request try #1 at 1:46:10 PM
248 verbose etag "AUBELD0XDZJUTFDWXI1A2PTIO"
249 http request GET https://registry.npmjs.org/sigmund
250 http 304 https://registry.npmjs.org/lru-cache
251 verbose headers { date: 'Thu, 19 May 2016 05:46:11 GMT',
251 verbose headers   via: '1.1 varnish',
251 verbose headers   'cache-control': 'max-age=300',
251 verbose headers   etag: '"EL1H0BRLF5K1YKWEWD5SZTX15"',
251 verbose headers   age: '143',
251 verbose headers   connection: 'keep-alive',
251 verbose headers   'x-served-by': 'cache-nrt6122-NRT',
251 verbose headers   'x-cache': 'HIT',
251 verbose headers   'x-cache-hits': '7',
251 verbose headers   'x-timer': 'S1463636771.351242,VS0,VE0',
251 verbose headers   vary: 'Accept-Encoding' }
252 silly get cb [ 304,
252 silly get   { date: 'Thu, 19 May 2016 05:46:11 GMT',
252 silly get     via: '1.1 varnish',
252 silly get     'cache-control': 'max-age=300',
252 silly get     etag: '"EL1H0BRLF5K1YKWEWD5SZTX15"',
252 silly get     age: '143',
252 silly get     connection: 'keep-alive',
252 silly get     'x-served-by': 'cache-nrt6122-NRT',
252 silly get     'x-cache': 'HIT',
252 silly get     'x-cache-hits': '7',
252 silly get     'x-timer': 'S1463636771.351242,VS0,VE0',
252 silly get     vary: 'Accept-Encoding' } ]
253 verbose etag https://registry.npmjs.org/lru-cache from cache
254 verbose get saving lru-cache to /home/stark/.npm/registry.npmjs.org/lru-cache/.cache.json
255 silly resolveWithNewModule lru-cache@2.7.3 checking installable status
256 silly cache add args [ 'lru-cache@2', null ]
257 verbose cache add spec lru-cache@2
258 silly cache add parsed spec Result {
258 silly cache add   raw: 'lru-cache@2',
258 silly cache add   scope: null,
258 silly cache add   name: 'lru-cache',
258 silly cache add   rawSpec: '2',
258 silly cache add   spec: '>=2.0.0 <3.0.0',
258 silly cache add   type: 'range' }
259 silly addNamed lru-cache@>=2.0.0 <3.0.0
260 verbose addNamed ">=2.0.0 <3.0.0" is a valid semver range for lru-cache
261 silly addNameRange { name: 'lru-cache', range: '>=2.0.0 <3.0.0', hasData: false }
262 silly mapToRegistry name lru-cache
263 silly mapToRegistry using default registry
264 silly mapToRegistry registry https://registry.npmjs.org/
265 silly mapToRegistry uri https://registry.npmjs.org/lru-cache
266 verbose addNameRange registry:https://registry.npmjs.org/lru-cache not in flight; fetching
267 verbose get https://registry.npmjs.org/lru-cache not expired, no request
268 silly addNameRange number 2 { name: 'lru-cache', range: '>=2.0.0 <3.0.0', hasData: true }
269 silly addNameRange versions [ 'lru-cache',
269 silly addNameRange   [ '1.0.1',
269 silly addNameRange     '1.0.2',
269 silly addNameRange     '1.0.3',
269 silly addNameRange     '1.0.4',
269 silly addNameRange     '1.0.5',
269 silly addNameRange     '1.0.6',
269 silly addNameRange     '1.1.0',
269 silly addNameRange     '1.1.1',
269 silly addNameRange     '2.0.0',
269 silly addNameRange     '2.0.1',
269 silly addNameRange     '2.0.2',
269 silly addNameRange     '2.0.3',
269 silly addNameRange     '2.0.4',
269 silly addNameRange     '2.1.0',
269 silly addNameRange     '2.2.0',
269 silly addNameRange     '2.2.1',
269 silly addNameRange     '2.2.2',
269 silly addNameRange     '2.2.4',
269 silly addNameRange     '2.3.0',
269 silly addNameRange     '2.3.1',
269 silly addNameRange     '2.5.0',
269 silly addNameRange     '2.5.1',
269 silly addNameRange     '2.5.2',
269 silly addNameRange     '2.6.0',
269 silly addNameRange     '2.6.1',
269 silly addNameRange     '2.6.2',
269 silly addNameRange     '2.6.3',
269 silly addNameRange     '2.6.4',
269 silly addNameRange     '2.6.5',
269 silly addNameRange     '2.7.0',
269 silly addNameRange     '2.7.1',
269 silly addNameRange     '2.7.2',
269 silly addNameRange     '2.7.3',
269 silly addNameRange     '3.0.0',
269 silly addNameRange     '3.1.0',
269 silly addNameRange     '3.1.1',
269 silly addNameRange     '3.1.2',
269 silly addNameRange     '3.2.0',
269 silly addNameRange     '4.0.0',
269 silly addNameRange     '4.0.1' ] ]
270 silly addNamed lru-cache@2.7.3
271 verbose addNamed "2.7.3" is a plain semver version for lru-cache
272 http 200 https://registry.npmjs.org/sigmund
273 verbose headers { server: 'CouchDB/1.5.0 (Erlang OTP/R16B03)',
273 verbose headers   etag: '"1TUX00X8YEKNFED6GGWS214S3"',
273 verbose headers   'content-type': 'application/json',
273 verbose headers   'content-encoding': 'gzip',
273 verbose headers   'cache-control': 'max-age=300',
273 verbose headers   'content-length': '1906',
273 verbose headers   'accept-ranges': 'bytes',
273 verbose headers   date: 'Thu, 19 May 2016 05:46:11 GMT',
273 verbose headers   via: '1.1 varnish',
273 verbose headers   age: '164',
273 verbose headers   connection: 'keep-alive',
273 verbose headers   'x-served-by': 'cache-nrt6134-NRT',
273 verbose headers   'x-cache': 'HIT',
273 verbose headers   'x-cache-hits': '4',
273 verbose headers   'x-timer': 'S1463636771.367868,VS0,VE0',
273 verbose headers   vary: 'Accept-Encoding' }
274 silly get cb [ 200,
274 silly get   { server: 'CouchDB/1.5.0 (Erlang OTP/R16B03)',
274 silly get     etag: '"1TUX00X8YEKNFED6GGWS214S3"',
274 silly get     'content-type': 'application/json',
274 silly get     'content-encoding': 'gzip',
274 silly get     'cache-control': 'max-age=300',
274 silly get     'content-length': '1906',
274 silly get     'accept-ranges': 'bytes',
274 silly get     date: 'Thu, 19 May 2016 05:46:11 GMT',
274 silly get     via: '1.1 varnish',
274 silly get     age: '164',
274 silly get     connection: 'keep-alive',
274 silly get     'x-served-by': 'cache-nrt6134-NRT',
274 silly get     'x-cache': 'HIT',
274 silly get     'x-cache-hits': '4',
274 silly get     'x-timer': 'S1463636771.367868,VS0,VE0',
274 silly get     vary: 'Accept-Encoding' } ]
275 verbose get saving sigmund to /home/stark/.npm/registry.npmjs.org/sigmund/.cache.json
276 silly cache afterAdd lru-cache@2.7.3
277 verbose afterAdd /home/stark/.npm/lru-cache/2.7.3/package/package.json not in flight; writing
278 verbose afterAdd /home/stark/.npm/lru-cache/2.7.3/package/package.json written
279 silly resolveWithNewModule sigmund@1.0.1 checking installable status
280 silly cache add args [ 'sigmund@~1.0.0', null ]
281 verbose cache add spec sigmund@~1.0.0
282 silly cache add parsed spec Result {
282 silly cache add   raw: 'sigmund@~1.0.0',
282 silly cache add   scope: null,
282 silly cache add   name: 'sigmund',
282 silly cache add   rawSpec: '~1.0.0',
282 silly cache add   spec: '>=1.0.0 <1.1.0',
282 silly cache add   type: 'range' }
283 silly addNamed sigmund@>=1.0.0 <1.1.0
284 verbose addNamed ">=1.0.0 <1.1.0" is a valid semver range for sigmund
285 silly addNameRange { name: 'sigmund', range: '>=1.0.0 <1.1.0', hasData: false }
286 silly mapToRegistry name sigmund
287 silly mapToRegistry using default registry
288 silly mapToRegistry registry https://registry.npmjs.org/
289 silly mapToRegistry uri https://registry.npmjs.org/sigmund
290 verbose addNameRange registry:https://registry.npmjs.org/sigmund not in flight; fetching
291 verbose get https://registry.npmjs.org/sigmund not expired, no request
292 silly addNameRange number 2 { name: 'sigmund', range: '>=1.0.0 <1.1.0', hasData: true }
293 silly addNameRange versions [ 'sigmund', [ '1.0.0', '1.0.1' ] ]
294 silly addNamed sigmund@1.0.1
295 verbose addNamed "1.0.1" is a plain semver version for sigmund
296 silly cache afterAdd sigmund@1.0.1
297 verbose afterAdd /home/stark/.npm/sigmund/1.0.1/package/package.json not in flight; writing
298 verbose afterAdd /home/stark/.npm/sigmund/1.0.1/package/package.json written
299 silly loadAllDepsIntoIdealTree Finishing
300 silly idealTree:prePrune lib
300 silly idealTree:prePrune └─┬ jasmine@2.4.1
300 silly idealTree:prePrune   ├── exit@0.1.2
300 silly idealTree:prePrune   ├── glob@3.2.11
300 silly idealTree:prePrune   ├── inherits@2.0.1
300 silly idealTree:prePrune   ├── jasmine-core@2.4.1
300 silly idealTree:prePrune   ├── lru-cache@2.7.3
300 silly idealTree:prePrune   ├── minimatch@0.3.0
300 silly idealTree:prePrune   └── sigmund@1.0.1
301 silly loadIdealTree Finishing
302 silly currentTree lib
303 silly idealTree lib
303 silly idealTree └─┬ jasmine@2.4.1
303 silly idealTree   ├── exit@0.1.2
303 silly idealTree   ├── glob@3.2.11
303 silly idealTree   ├── inherits@2.0.1
303 silly idealTree   ├── jasmine-core@2.4.1
303 silly idealTree   ├── lru-cache@2.7.3
303 silly idealTree   ├── minimatch@0.3.0
303 silly idealTree   └── sigmund@1.0.1
304 silly generateActionsToTake Starting
305 silly install generateActionsToTake
306 warn checkPermissions Missing write access to /usr/local/lib
307 silly rollbackFailedOptional Starting
308 silly rollbackFailedOptional Finishing
309 silly runTopLevelLifecycles Starting
310 silly runTopLevelLifecycles Finishing
311 silly install printInstalled
312 verbose stack Error: EACCES: permission denied, access '/usr/local/lib'
312 verbose stack     at Error (native)
313 verbose cwd /home/stark/thousands_separators/spec/support
314 error Linux 4.4.0-22-generic
315 error argv "/usr/bin/nodejs" "/usr/bin/npm" "install" "-g" "jasmine"
316 error node v4.2.6
317 error npm  v3.5.2
318 error path /usr/local/lib
319 error code EACCES
320 error errno -13
321 error syscall access
322 error Error: EACCES: permission denied, access '/usr/local/lib'
322 error     at Error (native)
322 error  { [Error: EACCES: permission denied, access '/usr/local/lib']
322 error   errno: -13,
322 error   code: 'EACCES',
322 error   syscall: 'access',
322 error   path: '/usr/local/lib' }
323 error Please try running this command again as root/Administrator.
324 verbose exit [ -13, true ]
